

Started GET "/" for 127.0.0.1 at Thu Dec 09 22:34:20 +0100 2010
  Processing by PagesController#home as HTML
Rendered layouts/_stylesheets.html.erb (3.2ms)
Rendered layouts/_header.html.erb (3.3ms)
Rendered layouts/_footer.html.erb (2.1ms)
Rendered pages/home.html.erb within layouts/application (17.0ms)
Completed 200 OK in 25ms (Views: 23.8ms | ActiveRecord: 0.0ms)


Started GET "/stylesheets/blueprint/screen.css?1291672504" for 127.0.0.1 at Thu Dec 09 22:34:20 +0100 2010

ActionController::RoutingError (No route matches "/stylesheets/blueprint/screen.css"):
  

Rendered /usr/lib/ruby/gems/1.8/gems/actionpack-3.0.3/lib/action_dispatch/middleware/templates/rescues/routing_error.erb within rescues/layout (1.7ms)


Started GET "/stylesheets/blueprint/print.css?1291672504" for 127.0.0.1 at Thu Dec 09 22:34:20 +0100 2010

ActionController::RoutingError (No route matches "/stylesheets/blueprint/print.css"):
  

Rendered /usr/lib/ruby/gems/1.8/gems/actionpack-3.0.3/lib/action_dispatch/middleware/templates/rescues/routing_error.erb within rescues/layout (1.4ms)


Started GET "/stylesheets/custom.css?1291672504" for 127.0.0.1 at Thu Dec 09 22:34:20 +0100 2010

ActionController::RoutingError (No route matches "/stylesheets/custom.css"):
  

Rendered /usr/lib/ruby/gems/1.8/gems/actionpack-3.0.3/lib/action_dispatch/middleware/templates/rescues/routing_error.erb within rescues/layout (1.6ms)


Started GET "/images/logo.png?1291672504" for 127.0.0.1 at Thu Dec 09 22:34:20 +0100 2010

ActionController::RoutingError (No route matches "/images/logo.png"):
  

Rendered /usr/lib/ruby/gems/1.8/gems/actionpack-3.0.3/lib/action_dispatch/middleware/templates/rescues/routing_error.erb within rescues/layout (1.6ms)


Started GET "/" for 127.0.0.1 at Thu Dec 09 22:34:23 +0100 2010
  Processing by PagesController#home as HTML
Rendered layouts/_stylesheets.html.erb (2.3ms)
Rendered layouts/_header.html.erb (2.5ms)
Rendered layouts/_footer.html.erb (1.3ms)
Rendered pages/home.html.erb within layouts/application (8.0ms)
Completed 200 OK in 10ms (Views: 9.4ms | ActiveRecord: 0.0ms)


Started GET "/stylesheets/blueprint/screen.css?1291672504" for 127.0.0.1 at Thu Dec 09 22:34:23 +0100 2010

ActionController::RoutingError (No route matches "/stylesheets/blueprint/screen.css"):
  

Rendered /usr/lib/ruby/gems/1.8/gems/actionpack-3.0.3/lib/action_dispatch/middleware/templates/rescues/routing_error.erb within rescues/layout (1.5ms)


Started GET "/stylesheets/blueprint/print.css?1291672504" for 127.0.0.1 at Thu Dec 09 22:34:23 +0100 2010

ActionController::RoutingError (No route matches "/stylesheets/blueprint/print.css"):
  

Rendered /usr/lib/ruby/gems/1.8/gems/actionpack-3.0.3/lib/action_dispatch/middleware/templates/rescues/routing_error.erb within rescues/layout (1.3ms)


Started GET "/images/logo.png?1291672504" for 127.0.0.1 at Thu Dec 09 22:34:23 +0100 2010

ActionController::RoutingError (No route matches "/images/logo.png"):
  

Rendered /usr/lib/ruby/gems/1.8/gems/actionpack-3.0.3/lib/action_dispatch/middleware/templates/rescues/routing_error.erb within rescues/layout (1.7ms)


Started GET "/stylesheets/custom.css?1291672504" for 127.0.0.1 at Thu Dec 09 22:34:23 +0100 2010

ActionController::RoutingError (No route matches "/stylesheets/custom.css"):
  

Rendered /usr/lib/ruby/gems/1.8/gems/actionpack-3.0.3/lib/action_dispatch/middleware/templates/rescues/routing_error.erb within rescues/layout (1.8ms)


Started GET "/" for 127.0.0.1 at Thu Dec 09 22:34:24 +0100 2010
  Processing by PagesController#home as HTML
Rendered layouts/_stylesheets.html.erb (2.3ms)
Rendered layouts/_header.html.erb (2.9ms)
Rendered layouts/_footer.html.erb (1.6ms)
Rendered pages/home.html.erb within layouts/application (8.9ms)
Completed 200 OK in 11ms (Views: 10.3ms | ActiveRecord: 0.0ms)


Started GET "/stylesheets/blueprint/screen.css?1291672504" for 127.0.0.1 at Thu Dec 09 22:34:24 +0100 2010

ActionController::RoutingError (No route matches "/stylesheets/blueprint/screen.css"):
  

Rendered /usr/lib/ruby/gems/1.8/gems/actionpack-3.0.3/lib/action_dispatch/middleware/templates/rescues/routing_error.erb within rescues/layout (1.2ms)


Started GET "/stylesheets/blueprint/print.css?1291672504" for 127.0.0.1 at Thu Dec 09 22:34:24 +0100 2010

ActionController::RoutingError (No route matches "/stylesheets/blueprint/print.css"):
  

Rendered /usr/lib/ruby/gems/1.8/gems/actionpack-3.0.3/lib/action_dispatch/middleware/templates/rescues/routing_error.erb within rescues/layout (1.2ms)


Started GET "/images/logo.png?1291672504" for 127.0.0.1 at Thu Dec 09 22:34:24 +0100 2010

ActionController::RoutingError (No route matches "/images/logo.png"):
  

Rendered /usr/lib/ruby/gems/1.8/gems/actionpack-3.0.3/lib/action_dispatch/middleware/templates/rescues/routing_error.erb within rescues/layout (1.4ms)


Started GET "/stylesheets/custom.css?1291672504" for 127.0.0.1 at Thu Dec 09 22:34:24 +0100 2010

ActionController::RoutingError (No route matches "/stylesheets/custom.css"):
  

Rendered /usr/lib/ruby/gems/1.8/gems/actionpack-3.0.3/lib/action_dispatch/middleware/templates/rescues/routing_error.erb within rescues/layout (1.6ms)


Started GET "/" for 127.0.0.1 at Thu Dec 09 22:34:25 +0100 2010
  Processing by PagesController#home as HTML
Rendered layouts/_stylesheets.html.erb (2.4ms)
Rendered layouts/_header.html.erb (3.1ms)
Rendered layouts/_footer.html.erb (1.7ms)
Rendered pages/home.html.erb within layouts/application (9.3ms)
Completed 200 OK in 11ms (Views: 10.5ms | ActiveRecord: 0.0ms)


Started GET "/stylesheets/blueprint/screen.css?1291672504" for 127.0.0.1 at Thu Dec 09 22:34:25 +0100 2010

ActionController::RoutingError (No route matches "/stylesheets/blueprint/screen.css"):
  

Rendered /usr/lib/ruby/gems/1.8/gems/actionpack-3.0.3/lib/action_dispatch/middleware/templates/rescues/routing_error.erb within rescues/layout (1.6ms)


Started GET "/stylesheets/blueprint/print.css?1291672504" for 127.0.0.1 at Thu Dec 09 22:34:25 +0100 2010

ActionController::RoutingError (No route matches "/stylesheets/blueprint/print.css"):
  

Rendered /usr/lib/ruby/gems/1.8/gems/actionpack-3.0.3/lib/action_dispatch/middleware/templates/rescues/routing_error.erb within rescues/layout (1.4ms)


Started GET "/images/logo.png?1291672504" for 127.0.0.1 at Thu Dec 09 22:34:25 +0100 2010

ActionController::RoutingError (No route matches "/images/logo.png"):
  

Rendered /usr/lib/ruby/gems/1.8/gems/actionpack-3.0.3/lib/action_dispatch/middleware/templates/rescues/routing_error.erb within rescues/layout (1.7ms)


Started GET "/stylesheets/custom.css?1291672504" for 127.0.0.1 at Thu Dec 09 22:34:25 +0100 2010

ActionController::RoutingError (No route matches "/stylesheets/custom.css"):
  

Rendered /usr/lib/ruby/gems/1.8/gems/actionpack-3.0.3/lib/action_dispatch/middleware/templates/rescues/routing_error.erb within rescues/layout (1.4ms)


Started GET "/" for 127.0.0.1 at Thu Dec 09 22:34:28 +0100 2010
  Processing by PagesController#home as HTML
Rendered layouts/_stylesheets.html.erb (2.4ms)
Rendered layouts/_header.html.erb (3.1ms)
Rendered layouts/_footer.html.erb (1.7ms)
Rendered pages/home.html.erb within layouts/application (9.5ms)
Completed 200 OK in 11ms (Views: 10.9ms | ActiveRecord: 0.0ms)


Started GET "/stylesheets/blueprint/screen.css?1291672504" for 127.0.0.1 at Thu Dec 09 22:34:28 +0100 2010

ActionController::RoutingError (No route matches "/stylesheets/blueprint/screen.css"):
  

Rendered /usr/lib/ruby/gems/1.8/gems/actionpack-3.0.3/lib/action_dispatch/middleware/templates/rescues/routing_error.erb within rescues/layout (1.8ms)


Started GET "/stylesheets/blueprint/print.css?1291672504" for 127.0.0.1 at Thu Dec 09 22:34:28 +0100 2010

ActionController::RoutingError (No route matches "/stylesheets/blueprint/print.css"):
  

Rendered /usr/lib/ruby/gems/1.8/gems/actionpack-3.0.3/lib/action_dispatch/middleware/templates/rescues/routing_error.erb within rescues/layout (1.4ms)


Started GET "/stylesheets/custom.css?1291672504" for 127.0.0.1 at Thu Dec 09 22:34:28 +0100 2010

ActionController::RoutingError (No route matches "/stylesheets/custom.css"):
  

Rendered /usr/lib/ruby/gems/1.8/gems/actionpack-3.0.3/lib/action_dispatch/middleware/templates/rescues/routing_error.erb within rescues/layout (1.8ms)


Started GET "/images/logo.png?1291672504" for 127.0.0.1 at Thu Dec 09 22:34:28 +0100 2010

ActionController::RoutingError (No route matches "/images/logo.png"):
  

Rendered /usr/lib/ruby/gems/1.8/gems/actionpack-3.0.3/lib/action_dispatch/middleware/templates/rescues/routing_error.erb within rescues/layout (1.7ms)


Started GET "/help" for 127.0.0.1 at Thu Dec 09 22:34:29 +0100 2010
  Processing by PagesController#help as HTML
Rendered layouts/_stylesheets.html.erb (2.0ms)
Rendered layouts/_header.html.erb (2.9ms)
Rendered layouts/_footer.html.erb (1.4ms)
Rendered pages/help.html.erb within layouts/application (8.1ms)
Completed 200 OK in 41ms (Views: 40.4ms | ActiveRecord: 0.0ms)


Started GET "/stylesheets/blueprint/screen.css?1291672504" for 127.0.0.1 at Thu Dec 09 22:34:29 +0100 2010

ActionController::RoutingError (No route matches "/stylesheets/blueprint/screen.css"):
  

Rendered /usr/lib/ruby/gems/1.8/gems/actionpack-3.0.3/lib/action_dispatch/middleware/templates/rescues/routing_error.erb within rescues/layout (1.8ms)


Started GET "/stylesheets/blueprint/print.css?1291672504" for 127.0.0.1 at Thu Dec 09 22:34:29 +0100 2010

ActionController::RoutingError (No route matches "/stylesheets/blueprint/print.css"):
  

Rendered /usr/lib/ruby/gems/1.8/gems/actionpack-3.0.3/lib/action_dispatch/middleware/templates/rescues/routing_error.erb within rescues/layout (1.7ms)


Started GET "/stylesheets/custom.css?1291672504" for 127.0.0.1 at Thu Dec 09 22:34:29 +0100 2010

ActionController::RoutingError (No route matches "/stylesheets/custom.css"):
  

Rendered /usr/lib/ruby/gems/1.8/gems/actionpack-3.0.3/lib/action_dispatch/middleware/templates/rescues/routing_error.erb within rescues/layout (6.1ms)


Started GET "/images/logo.png?1291672504" for 127.0.0.1 at Thu Dec 09 22:34:29 +0100 2010

ActionController::RoutingError (No route matches "/images/logo.png"):
  

Rendered /usr/lib/ruby/gems/1.8/gems/actionpack-3.0.3/lib/action_dispatch/middleware/templates/rescues/routing_error.erb within rescues/layout (1.7ms)


Started GET "/about" for 127.0.0.1 at Thu Dec 09 22:34:34 +0100 2010
  Processing by PagesController#about as HTML
Rendered layouts/_stylesheets.html.erb (2.4ms)
Rendered layouts/_header.html.erb (3.0ms)
Rendered layouts/_footer.html.erb (1.9ms)
Rendered pages/about.html.erb within layouts/application (9.9ms)
Completed 200 OK in 16ms (Views: 14.5ms | ActiveRecord: 0.0ms)


Started GET "/stylesheets/blueprint/screen.css?1291672504" for 127.0.0.1 at Thu Dec 09 22:34:34 +0100 2010

ActionController::RoutingError (No route matches "/stylesheets/blueprint/screen.css"):
  

Rendered /usr/lib/ruby/gems/1.8/gems/actionpack-3.0.3/lib/action_dispatch/middleware/templates/rescues/routing_error.erb within rescues/layout (1.7ms)


Started GET "/stylesheets/blueprint/print.css?1291672504" for 127.0.0.1 at Thu Dec 09 22:34:34 +0100 2010

ActionController::RoutingError (No route matches "/stylesheets/blueprint/print.css"):
  

Rendered /usr/lib/ruby/gems/1.8/gems/actionpack-3.0.3/lib/action_dispatch/middleware/templates/rescues/routing_error.erb within rescues/layout (1.7ms)


Started GET "/stylesheets/custom.css?1291672504" for 127.0.0.1 at Thu Dec 09 22:34:34 +0100 2010

ActionController::RoutingError (No route matches "/stylesheets/custom.css"):
  

Rendered /usr/lib/ruby/gems/1.8/gems/actionpack-3.0.3/lib/action_dispatch/middleware/templates/rescues/routing_error.erb within rescues/layout (1.4ms)


Started GET "/images/logo.png?1291672504" for 127.0.0.1 at Thu Dec 09 22:34:34 +0100 2010

ActionController::RoutingError (No route matches "/images/logo.png"):
  

Rendered /usr/lib/ruby/gems/1.8/gems/actionpack-3.0.3/lib/action_dispatch/middleware/templates/rescues/routing_error.erb within rescues/layout (1.6ms)


Started GET "/contact" for 127.0.0.1 at Thu Dec 09 22:34:37 +0100 2010
  Processing by PagesController#contact as HTML
Rendered layouts/_stylesheets.html.erb (2.2ms)
Rendered layouts/_header.html.erb (2.5ms)
Rendered layouts/_footer.html.erb (6.6ms)
Rendered pages/contact.html.erb within layouts/application (13.7ms)
Completed 200 OK in 57ms (Views: 56.4ms | ActiveRecord: 0.0ms)


Started GET "/stylesheets/blueprint/screen.css?1291672504" for 127.0.0.1 at Thu Dec 09 22:34:38 +0100 2010

ActionController::RoutingError (No route matches "/stylesheets/blueprint/screen.css"):
  

Rendered /usr/lib/ruby/gems/1.8/gems/actionpack-3.0.3/lib/action_dispatch/middleware/templates/rescues/routing_error.erb within rescues/layout (1.6ms)


Started GET "/stylesheets/blueprint/print.css?1291672504" for 127.0.0.1 at Thu Dec 09 22:34:38 +0100 2010

ActionController::RoutingError (No route matches "/stylesheets/blueprint/print.css"):
  

Rendered /usr/lib/ruby/gems/1.8/gems/actionpack-3.0.3/lib/action_dispatch/middleware/templates/rescues/routing_error.erb within rescues/layout (1.9ms)


Started GET "/images/logo.png?1291672504" for 127.0.0.1 at Thu Dec 09 22:34:38 +0100 2010

ActionController::RoutingError (No route matches "/images/logo.png"):
  

Rendered /usr/lib/ruby/gems/1.8/gems/actionpack-3.0.3/lib/action_dispatch/middleware/templates/rescues/routing_error.erb within rescues/layout (1.3ms)


Started GET "/stylesheets/custom.css?1291672504" for 127.0.0.1 at Thu Dec 09 22:34:38 +0100 2010

ActionController::RoutingError (No route matches "/stylesheets/custom.css"):
  

Rendered /usr/lib/ruby/gems/1.8/gems/actionpack-3.0.3/lib/action_dispatch/middleware/templates/rescues/routing_error.erb within rescues/layout (1.3ms)


Started GET "/help" for 127.0.0.1 at Thu Dec 09 22:34:40 +0100 2010
  Processing by PagesController#help as HTML
Rendered layouts/_stylesheets.html.erb (2.2ms)
Rendered layouts/_header.html.erb (3.1ms)
Rendered layouts/_footer.html.erb (1.7ms)
Rendered pages/help.html.erb within layouts/application (9.0ms)
Completed 200 OK in 11ms (Views: 10.3ms | ActiveRecord: 0.0ms)


Started GET "/stylesheets/blueprint/screen.css?1291672504" for 127.0.0.1 at Thu Dec 09 22:34:40 +0100 2010

ActionController::RoutingError (No route matches "/stylesheets/blueprint/screen.css"):
  

Rendered /usr/lib/ruby/gems/1.8/gems/actionpack-3.0.3/lib/action_dispatch/middleware/templates/rescues/routing_error.erb within rescues/layout (1.7ms)


Started GET "/stylesheets/blueprint/print.css?1291672504" for 127.0.0.1 at Thu Dec 09 22:34:40 +0100 2010

ActionController::RoutingError (No route matches "/stylesheets/blueprint/print.css"):
  

Rendered /usr/lib/ruby/gems/1.8/gems/actionpack-3.0.3/lib/action_dispatch/middleware/templates/rescues/routing_error.erb within rescues/layout (1.9ms)


Started GET "/stylesheets/custom.css?1291672504" for 127.0.0.1 at Thu Dec 09 22:34:40 +0100 2010

ActionController::RoutingError (No route matches "/stylesheets/custom.css"):
  

Rendered /usr/lib/ruby/gems/1.8/gems/actionpack-3.0.3/lib/action_dispatch/middleware/templates/rescues/routing_error.erb within rescues/layout (1.7ms)


Started GET "/images/logo.png?1291672504" for 127.0.0.1 at Thu Dec 09 22:34:40 +0100 2010

ActionController::RoutingError (No route matches "/images/logo.png"):
  

Rendered /usr/lib/ruby/gems/1.8/gems/actionpack-3.0.3/lib/action_dispatch/middleware/templates/rescues/routing_error.erb within rescues/layout (1.5ms)


Started GET "/" for 127.0.0.1 at Thu Dec 09 22:34:44 +0100 2010
  Processing by PagesController#home as HTML
Rendered layouts/_stylesheets.html.erb (2.2ms)
Rendered layouts/_header.html.erb (3.4ms)
Rendered layouts/_footer.html.erb (1.5ms)
Rendered pages/home.html.erb within layouts/application (9.3ms)
Completed 200 OK in 11ms (Views: 10.9ms | ActiveRecord: 0.0ms)


Started GET "/stylesheets/blueprint/screen.css?1291672504" for 127.0.0.1 at Thu Dec 09 22:34:44 +0100 2010

ActionController::RoutingError (No route matches "/stylesheets/blueprint/screen.css"):
  

Rendered /usr/lib/ruby/gems/1.8/gems/actionpack-3.0.3/lib/action_dispatch/middleware/templates/rescues/routing_error.erb within rescues/layout (1.6ms)


Started GET "/stylesheets/blueprint/print.css?1291672504" for 127.0.0.1 at Thu Dec 09 22:34:44 +0100 2010

ActionController::RoutingError (No route matches "/stylesheets/blueprint/print.css"):
  

Rendered /usr/lib/ruby/gems/1.8/gems/actionpack-3.0.3/lib/action_dispatch/middleware/templates/rescues/routing_error.erb within rescues/layout (1.3ms)


Started GET "/stylesheets/custom.css?1291672504" for 127.0.0.1 at Thu Dec 09 22:34:44 +0100 2010

ActionController::RoutingError (No route matches "/stylesheets/custom.css"):
  

Rendered /usr/lib/ruby/gems/1.8/gems/actionpack-3.0.3/lib/action_dispatch/middleware/templates/rescues/routing_error.erb within rescues/layout (1.6ms)


Started GET "/images/logo.png?1291672504" for 127.0.0.1 at Thu Dec 09 22:34:44 +0100 2010

ActionController::RoutingError (No route matches "/images/logo.png"):
  

Rendered /usr/lib/ruby/gems/1.8/gems/actionpack-3.0.3/lib/action_dispatch/middleware/templates/rescues/routing_error.erb within rescues/layout (1.8ms)


Started GET "/" for 127.0.0.1 at Thu Dec 09 22:34:46 +0100 2010
  Processing by PagesController#home as HTML
Rendered layouts/_stylesheets.html.erb (2.5ms)
Rendered layouts/_header.html.erb (3.3ms)
Rendered layouts/_footer.html.erb (1.8ms)
Rendered pages/home.html.erb within layouts/application (10.1ms)
Completed 200 OK in 12ms (Views: 11.7ms | ActiveRecord: 0.0ms)


Started GET "/stylesheets/blueprint/screen.css?1291672504" for 127.0.0.1 at Thu Dec 09 22:34:46 +0100 2010

ActionController::RoutingError (No route matches "/stylesheets/blueprint/screen.css"):
  

Rendered /usr/lib/ruby/gems/1.8/gems/actionpack-3.0.3/lib/action_dispatch/middleware/templates/rescues/routing_error.erb within rescues/layout (1.8ms)


Started GET "/stylesheets/blueprint/print.css?1291672504" for 127.0.0.1 at Thu Dec 09 22:34:46 +0100 2010

ActionController::RoutingError (No route matches "/stylesheets/blueprint/print.css"):
  

Rendered /usr/lib/ruby/gems/1.8/gems/actionpack-3.0.3/lib/action_dispatch/middleware/templates/rescues/routing_error.erb within rescues/layout (1.4ms)


Started GET "/stylesheets/custom.css?1291672504" for 127.0.0.1 at Thu Dec 09 22:34:46 +0100 2010

ActionController::RoutingError (No route matches "/stylesheets/custom.css"):
  

Rendered /usr/lib/ruby/gems/1.8/gems/actionpack-3.0.3/lib/action_dispatch/middleware/templates/rescues/routing_error.erb within rescues/layout (1.3ms)


Started GET "/images/logo.png?1291672504" for 127.0.0.1 at Thu Dec 09 22:34:46 +0100 2010

ActionController::RoutingError (No route matches "/images/logo.png"):
  

Rendered /usr/lib/ruby/gems/1.8/gems/actionpack-3.0.3/lib/action_dispatch/middleware/templates/rescues/routing_error.erb within rescues/layout (1.7ms)


Started GET "/" for 127.0.0.1 at Thu Dec 09 22:34:47 +0100 2010
  Processing by PagesController#home as HTML
Rendered layouts/_stylesheets.html.erb (2.3ms)
Rendered layouts/_header.html.erb (3.1ms)
Rendered layouts/_footer.html.erb (1.7ms)
Rendered pages/home.html.erb within layouts/application (9.2ms)
Completed 200 OK in 11ms (Views: 10.7ms | ActiveRecord: 0.0ms)


Started GET "/stylesheets/blueprint/screen.css?1291672504" for 127.0.0.1 at Thu Dec 09 22:34:47 +0100 2010

ActionController::RoutingError (No route matches "/stylesheets/blueprint/screen.css"):
  

Rendered /usr/lib/ruby/gems/1.8/gems/actionpack-3.0.3/lib/action_dispatch/middleware/templates/rescues/routing_error.erb within rescues/layout (1.8ms)


Started GET "/stylesheets/blueprint/print.css?1291672504" for 127.0.0.1 at Thu Dec 09 22:34:47 +0100 2010

ActionController::RoutingError (No route matches "/stylesheets/blueprint/print.css"):
  

Rendered /usr/lib/ruby/gems/1.8/gems/actionpack-3.0.3/lib/action_dispatch/middleware/templates/rescues/routing_error.erb within rescues/layout (1.5ms)


Started GET "/stylesheets/custom.css?1291672504" for 127.0.0.1 at Thu Dec 09 22:34:47 +0100 2010

ActionController::RoutingError (No route matches "/stylesheets/custom.css"):
  

Rendered /usr/lib/ruby/gems/1.8/gems/actionpack-3.0.3/lib/action_dispatch/middleware/templates/rescues/routing_error.erb within rescues/layout (1.3ms)


Started GET "/images/logo.png?1291672504" for 127.0.0.1 at Thu Dec 09 22:34:47 +0100 2010

ActionController::RoutingError (No route matches "/images/logo.png"):
  

Rendered /usr/lib/ruby/gems/1.8/gems/actionpack-3.0.3/lib/action_dispatch/middleware/templates/rescues/routing_error.erb within rescues/layout (1.6ms)


Started GET "/" for 127.0.0.1 at Thu Dec 09 22:35:51 +0100 2010
  Processing by PagesController#home as HTML
Rendered layouts/_stylesheets.html.erb (2.5ms)
Rendered layouts/_header.html.erb (3.2ms)
Rendered layouts/_footer.html.erb (1.6ms)
Rendered pages/home.html.erb within layouts/application (9.4ms)
Completed 200 OK in 11ms (Views: 10.8ms | ActiveRecord: 0.0ms)


Started GET "/stylesheets/blueprint/screen.css?1291672504" for 127.0.0.1 at Thu Dec 09 22:35:51 +0100 2010

ActionController::RoutingError (No route matches "/stylesheets/blueprint/screen.css"):
  

Rendered /usr/lib/ruby/gems/1.8/gems/actionpack-3.0.3/lib/action_dispatch/middleware/templates/rescues/routing_error.erb within rescues/layout (2.7ms)


Started GET "/stylesheets/blueprint/print.css?1291672504" for 127.0.0.1 at Thu Dec 09 22:35:51 +0100 2010

ActionController::RoutingError (No route matches "/stylesheets/blueprint/print.css"):
  

Rendered /usr/lib/ruby/gems/1.8/gems/actionpack-3.0.3/lib/action_dispatch/middleware/templates/rescues/routing_error.erb within rescues/layout (1.3ms)


Started GET "/stylesheets/custom.css?1291672504" for 127.0.0.1 at Thu Dec 09 22:35:51 +0100 2010

ActionController::RoutingError (No route matches "/stylesheets/custom.css"):
  

Rendered /usr/lib/ruby/gems/1.8/gems/actionpack-3.0.3/lib/action_dispatch/middleware/templates/rescues/routing_error.erb within rescues/layout (1.7ms)


Started GET "/images/logo.png?1291672504" for 127.0.0.1 at Thu Dec 09 22:35:51 +0100 2010

ActionController::RoutingError (No route matches "/images/logo.png"):
  

Rendered /usr/lib/ruby/gems/1.8/gems/actionpack-3.0.3/lib/action_dispatch/middleware/templates/rescues/routing_error.erb within rescues/layout (1.6ms)


Started GET "/" for 127.0.0.1 at Thu Dec 09 22:35:53 +0100 2010
  Processing by PagesController#home as HTML
Rendered layouts/_stylesheets.html.erb (1.8ms)
Rendered layouts/_header.html.erb (2.4ms)
Rendered layouts/_footer.html.erb (1.3ms)
Rendered pages/home.html.erb within layouts/application (7.4ms)
Completed 200 OK in 9ms (Views: 8.6ms | ActiveRecord: 0.0ms)


Started GET "/stylesheets/blueprint/screen.css?1291672504" for 127.0.0.1 at Thu Dec 09 22:35:53 +0100 2010

ActionController::RoutingError (No route matches "/stylesheets/blueprint/screen.css"):
  

Rendered /usr/lib/ruby/gems/1.8/gems/actionpack-3.0.3/lib/action_dispatch/middleware/templates/rescues/routing_error.erb within rescues/layout (1.7ms)


Started GET "/stylesheets/blueprint/print.css?1291672504" for 127.0.0.1 at Thu Dec 09 22:35:53 +0100 2010

ActionController::RoutingError (No route matches "/stylesheets/blueprint/print.css"):
  

Rendered /usr/lib/ruby/gems/1.8/gems/actionpack-3.0.3/lib/action_dispatch/middleware/templates/rescues/routing_error.erb within rescues/layout (1.6ms)


Started GET "/images/logo.png?1291672504" for 127.0.0.1 at Thu Dec 09 22:35:53 +0100 2010

ActionController::RoutingError (No route matches "/images/logo.png"):
  

Rendered /usr/lib/ruby/gems/1.8/gems/actionpack-3.0.3/lib/action_dispatch/middleware/templates/rescues/routing_error.erb within rescues/layout (1.5ms)


Started GET "/stylesheets/custom.css?1291672504" for 127.0.0.1 at Thu Dec 09 22:35:53 +0100 2010

ActionController::RoutingError (No route matches "/stylesheets/custom.css"):
  

Rendered /usr/lib/ruby/gems/1.8/gems/actionpack-3.0.3/lib/action_dispatch/middleware/templates/rescues/routing_error.erb within rescues/layout (1.3ms)


Started GET "/" for 127.0.0.1 at Thu Dec 09 22:35:54 +0100 2010
  Processing by PagesController#home as HTML
Rendered layouts/_stylesheets.html.erb (2.2ms)
Rendered layouts/_header.html.erb (2.8ms)
Rendered layouts/_footer.html.erb (1.6ms)
Rendered pages/home.html.erb within layouts/application (8.7ms)
Completed 200 OK in 10ms (Views: 10.0ms | ActiveRecord: 0.0ms)


Started GET "/stylesheets/blueprint/screen.css?1291672504" for 127.0.0.1 at Thu Dec 09 22:35:54 +0100 2010

ActionController::RoutingError (No route matches "/stylesheets/blueprint/screen.css"):
  

Rendered /usr/lib/ruby/gems/1.8/gems/actionpack-3.0.3/lib/action_dispatch/middleware/templates/rescues/routing_error.erb within rescues/layout (1.7ms)


Started GET "/stylesheets/blueprint/print.css?1291672504" for 127.0.0.1 at Thu Dec 09 22:35:54 +0100 2010

ActionController::RoutingError (No route matches "/stylesheets/blueprint/print.css"):
  

Rendered /usr/lib/ruby/gems/1.8/gems/actionpack-3.0.3/lib/action_dispatch/middleware/templates/rescues/routing_error.erb within rescues/layout (1.5ms)


Started GET "/images/logo.png?1291672504" for 127.0.0.1 at Thu Dec 09 22:35:54 +0100 2010

ActionController::RoutingError (No route matches "/images/logo.png"):
  

Rendered /usr/lib/ruby/gems/1.8/gems/actionpack-3.0.3/lib/action_dispatch/middleware/templates/rescues/routing_error.erb within rescues/layout (1.5ms)


Started GET "/stylesheets/custom.css?1291672504" for 127.0.0.1 at Thu Dec 09 22:35:54 +0100 2010

ActionController::RoutingError (No route matches "/stylesheets/custom.css"):
  

Rendered /usr/lib/ruby/gems/1.8/gems/actionpack-3.0.3/lib/action_dispatch/middleware/templates/rescues/routing_error.erb within rescues/layout (1.3ms)


Started GET "/" for 127.0.0.1 at Thu Dec 09 22:35:54 +0100 2010
  Processing by PagesController#home as HTML
Rendered layouts/_stylesheets.html.erb (2.3ms)
Rendered layouts/_header.html.erb (2.9ms)
Rendered layouts/_footer.html.erb (1.5ms)
Rendered pages/home.html.erb within layouts/application (9.0ms)
Completed 200 OK in 11ms (Views: 10.6ms | ActiveRecord: 0.0ms)


Started GET "/stylesheets/blueprint/print.css?1291672504" for 127.0.0.1 at Thu Dec 09 22:35:54 +0100 2010

ActionController::RoutingError (No route matches "/stylesheets/blueprint/print.css"):
  

Rendered /usr/lib/ruby/gems/1.8/gems/actionpack-3.0.3/lib/action_dispatch/middleware/templates/rescues/routing_error.erb within rescues/layout (1.7ms)


Started GET "/stylesheets/blueprint/screen.css?1291672504" for 127.0.0.1 at Thu Dec 09 22:35:54 +0100 2010

ActionController::RoutingError (No route matches "/stylesheets/blueprint/screen.css"):
  

Rendered /usr/lib/ruby/gems/1.8/gems/actionpack-3.0.3/lib/action_dispatch/middleware/templates/rescues/routing_error.erb within rescues/layout (1.4ms)


Started GET "/stylesheets/custom.css?1291672504" for 127.0.0.1 at Thu Dec 09 22:35:54 +0100 2010

ActionController::RoutingError (No route matches "/stylesheets/custom.css"):
  

Rendered /usr/lib/ruby/gems/1.8/gems/actionpack-3.0.3/lib/action_dispatch/middleware/templates/rescues/routing_error.erb within rescues/layout (1.5ms)


Started GET "/images/logo.png?1291672504" for 127.0.0.1 at Thu Dec 09 22:35:54 +0100 2010

ActionController::RoutingError (No route matches "/images/logo.png"):
  

Rendered /usr/lib/ruby/gems/1.8/gems/actionpack-3.0.3/lib/action_dispatch/middleware/templates/rescues/routing_error.erb within rescues/layout (1.9ms)


Started GET "/" for 127.0.0.1 at Thu Dec 09 22:35:55 +0100 2010
  Processing by PagesController#home as HTML
Rendered layouts/_stylesheets.html.erb (2.5ms)
Rendered layouts/_header.html.erb (3.3ms)
Rendered layouts/_footer.html.erb (2.1ms)
Rendered pages/home.html.erb within layouts/application (10.1ms)
Completed 200 OK in 13ms (Views: 12.4ms | ActiveRecord: 0.0ms)


Started GET "/stylesheets/blueprint/screen.css?1291672504" for 127.0.0.1 at Thu Dec 09 22:35:55 +0100 2010

ActionController::RoutingError (No route matches "/stylesheets/blueprint/screen.css"):
  

Rendered /usr/lib/ruby/gems/1.8/gems/actionpack-3.0.3/lib/action_dispatch/middleware/templates/rescues/routing_error.erb within rescues/layout (1.8ms)


Started GET "/stylesheets/blueprint/print.css?1291672504" for 127.0.0.1 at Thu Dec 09 22:35:55 +0100 2010

ActionController::RoutingError (No route matches "/stylesheets/blueprint/print.css"):
  

Rendered /usr/lib/ruby/gems/1.8/gems/actionpack-3.0.3/lib/action_dispatch/middleware/templates/rescues/routing_error.erb within rescues/layout (1.6ms)


Started GET "/stylesheets/custom.css?1291672504" for 127.0.0.1 at Thu Dec 09 22:35:55 +0100 2010

ActionController::RoutingError (No route matches "/stylesheets/custom.css"):
  

Rendered /usr/lib/ruby/gems/1.8/gems/actionpack-3.0.3/lib/action_dispatch/middleware/templates/rescues/routing_error.erb within rescues/layout (1.5ms)


Started GET "/images/logo.png?1291672504" for 127.0.0.1 at Thu Dec 09 22:35:55 +0100 2010

ActionController::RoutingError (No route matches "/images/logo.png"):
  

Rendered /usr/lib/ruby/gems/1.8/gems/actionpack-3.0.3/lib/action_dispatch/middleware/templates/rescues/routing_error.erb within rescues/layout (1.7ms)


Started GET "/" for 127.0.0.1 at Thu Dec 09 22:36:09 +0100 2010
  Processing by PagesController#home as HTML
Rendered layouts/_stylesheets.html.erb (2.4ms)
Rendered layouts/_header.html.erb (3.2ms)
Rendered layouts/_footer.html.erb (1.9ms)
Rendered pages/home.html.erb within layouts/application (15.0ms)
Completed 200 OK in 22ms (Views: 21.4ms | ActiveRecord: 0.0ms)


Started GET "/stylesheets/blueprint/screen.css?1291672504" for 127.0.0.1 at Thu Dec 09 22:36:09 +0100 2010

ActionController::RoutingError (No route matches "/stylesheets/blueprint/screen.css"):
  

Rendered /usr/lib/ruby/gems/1.8/gems/actionpack-3.0.3/lib/action_dispatch/middleware/templates/rescues/routing_error.erb within rescues/layout (1.4ms)


Started GET "/stylesheets/blueprint/print.css?1291672504" for 127.0.0.1 at Thu Dec 09 22:36:09 +0100 2010

ActionController::RoutingError (No route matches "/stylesheets/blueprint/print.css"):
  

Rendered /usr/lib/ruby/gems/1.8/gems/actionpack-3.0.3/lib/action_dispatch/middleware/templates/rescues/routing_error.erb within rescues/layout (1.3ms)


Started GET "/stylesheets/custom.css?1291672504" for 127.0.0.1 at Thu Dec 09 22:36:09 +0100 2010

ActionController::RoutingError (No route matches "/stylesheets/custom.css"):
  

Rendered /usr/lib/ruby/gems/1.8/gems/actionpack-3.0.3/lib/action_dispatch/middleware/templates/rescues/routing_error.erb within rescues/layout (1.5ms)


Started GET "/images/logo.png?1291672504" for 127.0.0.1 at Thu Dec 09 22:36:09 +0100 2010

ActionController::RoutingError (No route matches "/images/logo.png"):
  

Rendered /usr/lib/ruby/gems/1.8/gems/actionpack-3.0.3/lib/action_dispatch/middleware/templates/rescues/routing_error.erb within rescues/layout (1.6ms)


Started GET "/" for 127.0.0.1 at Thu Dec 09 22:36:10 +0100 2010
  Processing by PagesController#home as HTML
Rendered layouts/_stylesheets.html.erb (1.8ms)
Rendered layouts/_header.html.erb (2.1ms)
Rendered layouts/_footer.html.erb (1.3ms)
Rendered pages/home.html.erb within layouts/application (7.1ms)
Completed 200 OK in 9ms (Views: 8.5ms | ActiveRecord: 0.0ms)


Started GET "/stylesheets/blueprint/screen.css?1291672504" for 127.0.0.1 at Thu Dec 09 22:36:10 +0100 2010

ActionController::RoutingError (No route matches "/stylesheets/blueprint/screen.css"):
  

Rendered /usr/lib/ruby/gems/1.8/gems/actionpack-3.0.3/lib/action_dispatch/middleware/templates/rescues/routing_error.erb within rescues/layout (1.6ms)


Started GET "/stylesheets/blueprint/print.css?1291672504" for 127.0.0.1 at Thu Dec 09 22:36:10 +0100 2010

ActionController::RoutingError (No route matches "/stylesheets/blueprint/print.css"):
  

Rendered /usr/lib/ruby/gems/1.8/gems/actionpack-3.0.3/lib/action_dispatch/middleware/templates/rescues/routing_error.erb within rescues/layout (1.4ms)


Started GET "/images/logo.png?1291672504" for 127.0.0.1 at Thu Dec 09 22:36:10 +0100 2010

ActionController::RoutingError (No route matches "/images/logo.png"):
  

Rendered /usr/lib/ruby/gems/1.8/gems/actionpack-3.0.3/lib/action_dispatch/middleware/templates/rescues/routing_error.erb within rescues/layout (1.6ms)


Started GET "/stylesheets/custom.css?1291672504" for 127.0.0.1 at Thu Dec 09 22:36:10 +0100 2010

ActionController::RoutingError (No route matches "/stylesheets/custom.css"):
  

Rendered /usr/lib/ruby/gems/1.8/gems/actionpack-3.0.3/lib/action_dispatch/middleware/templates/rescues/routing_error.erb within rescues/layout (1.6ms)


Started GET "/" for 127.0.0.1 at Thu Dec 09 22:36:11 +0100 2010
  Processing by PagesController#home as HTML
Rendered layouts/_stylesheets.html.erb (2.4ms)
Rendered layouts/_header.html.erb (2.7ms)
Rendered layouts/_footer.html.erb (1.1ms)
Rendered pages/home.html.erb within layouts/application (7.9ms)
Completed 200 OK in 10ms (Views: 9.0ms | ActiveRecord: 0.0ms)


Started GET "/stylesheets/blueprint/screen.css?1291672504" for 127.0.0.1 at Thu Dec 09 22:36:11 +0100 2010

ActionController::RoutingError (No route matches "/stylesheets/blueprint/screen.css"):
  

Rendered /usr/lib/ruby/gems/1.8/gems/actionpack-3.0.3/lib/action_dispatch/middleware/templates/rescues/routing_error.erb within rescues/layout (1.5ms)


Started GET "/stylesheets/blueprint/print.css?1291672504" for 127.0.0.1 at Thu Dec 09 22:36:11 +0100 2010

ActionController::RoutingError (No route matches "/stylesheets/blueprint/print.css"):
  

Rendered /usr/lib/ruby/gems/1.8/gems/actionpack-3.0.3/lib/action_dispatch/middleware/templates/rescues/routing_error.erb within rescues/layout (1.5ms)


Started GET "/images/logo.png?1291672504" for 127.0.0.1 at Thu Dec 09 22:36:11 +0100 2010

ActionController::RoutingError (No route matches "/images/logo.png"):
  

Rendered /usr/lib/ruby/gems/1.8/gems/actionpack-3.0.3/lib/action_dispatch/middleware/templates/rescues/routing_error.erb within rescues/layout (1.3ms)


Started GET "/stylesheets/custom.css?1291672504" for 127.0.0.1 at Thu Dec 09 22:36:11 +0100 2010

ActionController::RoutingError (No route matches "/stylesheets/custom.css"):
  

Rendered /usr/lib/ruby/gems/1.8/gems/actionpack-3.0.3/lib/action_dispatch/middleware/templates/rescues/routing_error.erb within rescues/layout (1.3ms)


Started GET "/" for 127.0.0.1 at Thu Dec 09 22:36:12 +0100 2010
  Processing by PagesController#home as HTML
Rendered layouts/_stylesheets.html.erb (2.5ms)
Rendered layouts/_header.html.erb (2.6ms)
Rendered layouts/_footer.html.erb (1.3ms)
Rendered pages/home.html.erb within layouts/application (8.4ms)
Completed 200 OK in 10ms (Views: 9.8ms | ActiveRecord: 0.0ms)


Started GET "/stylesheets/blueprint/screen.css?1291672504" for 127.0.0.1 at Thu Dec 09 22:36:12 +0100 2010

ActionController::RoutingError (No route matches "/stylesheets/blueprint/screen.css"):
  

Rendered /usr/lib/ruby/gems/1.8/gems/actionpack-3.0.3/lib/action_dispatch/middleware/templates/rescues/routing_error.erb within rescues/layout (1.6ms)


Started GET "/stylesheets/blueprint/print.css?1291672504" for 127.0.0.1 at Thu Dec 09 22:36:12 +0100 2010

ActionController::RoutingError (No route matches "/stylesheets/blueprint/print.css"):
  

Rendered /usr/lib/ruby/gems/1.8/gems/actionpack-3.0.3/lib/action_dispatch/middleware/templates/rescues/routing_error.erb within rescues/layout (1.3ms)


Started GET "/images/logo.png?1291672504" for 127.0.0.1 at Thu Dec 09 22:36:12 +0100 2010

ActionController::RoutingError (No route matches "/images/logo.png"):
  

Rendered /usr/lib/ruby/gems/1.8/gems/actionpack-3.0.3/lib/action_dispatch/middleware/templates/rescues/routing_error.erb within rescues/layout (1.7ms)


Started GET "/stylesheets/custom.css?1291672504" for 127.0.0.1 at Thu Dec 09 22:36:12 +0100 2010

ActionController::RoutingError (No route matches "/stylesheets/custom.css"):
  

Rendered /usr/lib/ruby/gems/1.8/gems/actionpack-3.0.3/lib/action_dispatch/middleware/templates/rescues/routing_error.erb within rescues/layout (1.3ms)


Started GET "/" for 127.0.0.1 at Thu Dec 09 22:36:17 +0100 2010
  Processing by PagesController#home as HTML
Rendered layouts/_stylesheets.html.erb (2.4ms)
Rendered layouts/_header.html.erb (3.1ms)
Rendered layouts/_footer.html.erb (2.0ms)
Rendered pages/home.html.erb within layouts/application (9.6ms)
Completed 200 OK in 12ms (Views: 11.3ms | ActiveRecord: 0.0ms)


Started GET "/stylesheets/blueprint/screen.css?1291672504" for 127.0.0.1 at Thu Dec 09 22:36:17 +0100 2010

ActionController::RoutingError (No route matches "/stylesheets/blueprint/screen.css"):
  

Rendered /usr/lib/ruby/gems/1.8/gems/actionpack-3.0.3/lib/action_dispatch/middleware/templates/rescues/routing_error.erb within rescues/layout (1.7ms)


Started GET "/stylesheets/blueprint/print.css?1291672504" for 127.0.0.1 at Thu Dec 09 22:36:17 +0100 2010

ActionController::RoutingError (No route matches "/stylesheets/blueprint/print.css"):
  

Rendered /usr/lib/ruby/gems/1.8/gems/actionpack-3.0.3/lib/action_dispatch/middleware/templates/rescues/routing_error.erb within rescues/layout (1.5ms)


Started GET "/stylesheets/custom.css?1291672504" for 127.0.0.1 at Thu Dec 09 22:36:17 +0100 2010

ActionController::RoutingError (No route matches "/stylesheets/custom.css"):
  

Rendered /usr/lib/ruby/gems/1.8/gems/actionpack-3.0.3/lib/action_dispatch/middleware/templates/rescues/routing_error.erb within rescues/layout (1.5ms)


Started GET "/images/logo.png?1291672504" for 127.0.0.1 at Thu Dec 09 22:36:17 +0100 2010

ActionController::RoutingError (No route matches "/images/logo.png"):
  

Rendered /usr/lib/ruby/gems/1.8/gems/actionpack-3.0.3/lib/action_dispatch/middleware/templates/rescues/routing_error.erb within rescues/layout (1.8ms)


Started GET "/" for 127.0.0.1 at Thu Dec 09 22:36:18 +0100 2010
  Processing by PagesController#home as HTML
Rendered layouts/_stylesheets.html.erb (2.5ms)
Rendered layouts/_header.html.erb (3.4ms)
Rendered layouts/_footer.html.erb (2.5ms)
Rendered pages/home.html.erb within layouts/application (10.8ms)
Completed 200 OK in 17ms (Views: 12.4ms | ActiveRecord: 0.0ms)


Started GET "/stylesheets/blueprint/screen.css?1291672504" for 127.0.0.1 at Thu Dec 09 22:36:18 +0100 2010

ActionController::RoutingError (No route matches "/stylesheets/blueprint/screen.css"):
  

Rendered /usr/lib/ruby/gems/1.8/gems/actionpack-3.0.3/lib/action_dispatch/middleware/templates/rescues/routing_error.erb within rescues/layout (1.7ms)


Started GET "/stylesheets/custom.css?1291672504" for 127.0.0.1 at Thu Dec 09 22:36:18 +0100 2010

ActionController::RoutingError (No route matches "/stylesheets/custom.css"):
  

Rendered /usr/lib/ruby/gems/1.8/gems/actionpack-3.0.3/lib/action_dispatch/middleware/templates/rescues/routing_error.erb within rescues/layout (1.6ms)


Started GET "/stylesheets/blueprint/print.css?1291672504" for 127.0.0.1 at Thu Dec 09 22:36:18 +0100 2010

ActionController::RoutingError (No route matches "/stylesheets/blueprint/print.css"):
  

Rendered /usr/lib/ruby/gems/1.8/gems/actionpack-3.0.3/lib/action_dispatch/middleware/templates/rescues/routing_error.erb within rescues/layout (1.7ms)


Started GET "/images/logo.png?1291672504" for 127.0.0.1 at Thu Dec 09 22:36:18 +0100 2010

ActionController::RoutingError (No route matches "/images/logo.png"):
  

Rendered /usr/lib/ruby/gems/1.8/gems/actionpack-3.0.3/lib/action_dispatch/middleware/templates/rescues/routing_error.erb within rescues/layout (5.5ms)


Started GET "/" for 127.0.0.1 at Thu Dec 09 22:48:11 +0100 2010
  Processing by PagesController#home as HTML
Rendered layouts/_stylesheets.html.erb (2.3ms)
Rendered layouts/_header.html.erb (2.9ms)
Rendered layouts/_footer.html.erb (1.6ms)
Rendered pages/home.html.erb within layouts/application (8.8ms)
Completed 200 OK in 11ms (Views: 10.4ms | ActiveRecord: 0.0ms)


Started GET "/stylesheets/blueprint/screen.css?1291672504" for 127.0.0.1 at Thu Dec 09 22:48:11 +0100 2010

ActionController::RoutingError (No route matches "/stylesheets/blueprint/screen.css"):
  

Rendered /usr/lib/ruby/gems/1.8/gems/actionpack-3.0.3/lib/action_dispatch/middleware/templates/rescues/routing_error.erb within rescues/layout (1.8ms)


Started GET "/stylesheets/blueprint/print.css?1291672504" for 127.0.0.1 at Thu Dec 09 22:48:11 +0100 2010

ActionController::RoutingError (No route matches "/stylesheets/blueprint/print.css"):
  

Rendered /usr/lib/ruby/gems/1.8/gems/actionpack-3.0.3/lib/action_dispatch/middleware/templates/rescues/routing_error.erb within rescues/layout (1.6ms)


Started GET "/images/logo.png?1291672504" for 127.0.0.1 at Thu Dec 09 22:48:11 +0100 2010

ActionController::RoutingError (No route matches "/images/logo.png"):
  

Rendered /usr/lib/ruby/gems/1.8/gems/actionpack-3.0.3/lib/action_dispatch/middleware/templates/rescues/routing_error.erb within rescues/layout (1.3ms)


Started GET "/stylesheets/custom.css?1291672504" for 127.0.0.1 at Thu Dec 09 22:48:11 +0100 2010

ActionController::RoutingError (No route matches "/stylesheets/custom.css"):
  

Rendered /usr/lib/ruby/gems/1.8/gems/actionpack-3.0.3/lib/action_dispatch/middleware/templates/rescues/routing_error.erb within rescues/layout (1.4ms)


Started GET "/users/new" for 127.0.0.1 at Thu Dec 09 22:48:23 +0100 2010
  Processing by UsersController#new as HTML
Rendered layouts/_stylesheets.html.erb (2.4ms)
Rendered layouts/_header.html.erb (3.2ms)
Rendered layouts/_footer.html.erb (1.6ms)
Rendered users/new.html.erb within layouts/application (9.5ms)
Completed 200 OK in 29ms (Views: 28.1ms | ActiveRecord: 0.0ms)


Started GET "/stylesheets/blueprint/screen.css?1291672504" for 127.0.0.1 at Thu Dec 09 22:48:24 +0100 2010

ActionController::RoutingError (No route matches "/stylesheets/blueprint/screen.css"):
  

Rendered /usr/lib/ruby/gems/1.8/gems/actionpack-3.0.3/lib/action_dispatch/middleware/templates/rescues/routing_error.erb within rescues/layout (2.9ms)


Started GET "/images/logo.png?1291672504" for 127.0.0.1 at Thu Dec 09 22:48:24 +0100 2010

ActionController::RoutingError (No route matches "/images/logo.png"):
  

Rendered /usr/lib/ruby/gems/1.8/gems/actionpack-3.0.3/lib/action_dispatch/middleware/templates/rescues/routing_error.erb within rescues/layout (1.9ms)


Started GET "/stylesheets/custom.css?1291672504" for 127.0.0.1 at Thu Dec 09 22:48:24 +0100 2010

ActionController::RoutingError (No route matches "/stylesheets/custom.css"):
  

Rendered /usr/lib/ruby/gems/1.8/gems/actionpack-3.0.3/lib/action_dispatch/middleware/templates/rescues/routing_error.erb within rescues/layout (1.6ms)


Started GET "/stylesheets/blueprint/print.css?1291672504" for 127.0.0.1 at Thu Dec 09 22:48:24 +0100 2010

ActionController::RoutingError (No route matches "/stylesheets/blueprint/print.css"):
  

Rendered /usr/lib/ruby/gems/1.8/gems/actionpack-3.0.3/lib/action_dispatch/middleware/templates/rescues/routing_error.erb within rescues/layout (1.6ms)


Started GET "/users/1" for 127.0.0.1 at Thu Dec 09 22:48:30 +0100 2010

ActionController::RoutingError (No route matches "/users/1"):
  

Rendered /usr/lib/ruby/gems/1.8/gems/actionpack-3.0.3/lib/action_dispatch/middleware/templates/rescues/routing_error.erb within rescues/layout (2.0ms)
